07:17:23.726 [main] DEBUG functionTest.ApplyLeave - onStart method started
07:17:23.762 [main] DEBUG functionTest.ApplyLeave - Test Started.Setup
07:17:32.976 [main] INFO  functionTest.ApplyLeave - Insert password
07:17:35.116 [main] INFO  functionTest.ApplyLeave - User logged into the application.
07:17:37.608 [main] INFO  functionTest.ApplyLeave - Select Leave
07:17:37.608 [main] ERROR functionTest.ApplyLeave - Select Leave
07:17:37.612 [main] ERROR functionTest.ApplyLeave - Select Leave
07:17:38.304 [main] DEBUG functionTest.ApplyLeave - Test Method Failure.Setup
07:17:38.308 [main] DEBUG functionTest.ApplyLeave - onFinish method started
07:31:48.235 [main] DEBUG functionTest.ApplyLeave - onStart method started
07:31:48.275 [main] DEBUG functionTest.ApplyLeave - Test Started.Setup
07:31:58.608 [main] INFO  functionTest.ApplyLeave - Insert password
07:32:03.628 [main] INFO  functionTest.ApplyLeave - User logged into the application.
07:32:06.032 [main] INFO  functionTest.ApplyLeave - Select Leave
07:32:06.032 [main] ERROR functionTest.ApplyLeave - Select Leave
07:32:06.032 [main] ERROR functionTest.ApplyLeave - Select Leave
07:32:07.168 [main] DEBUG functionTest.ApplyLeave - Test Method Failure.Setup
07:32:07.176 [main] DEBUG functionTest.ApplyLeave - onFinish method started
07:54:13.010 [main] DEBUG functionTest.ApplyLeave - onStart method started
07:54:36.562 [main] DEBUG functionTest.ApplyLeave - User logged into the application.
07:54:36.563 [main] DEBUG functionTest.ApplyLeave - Navigate to Leave Page
07:54:39.255 [main] DEBUG functionTest.ApplyLeave - Test Started.Test
07:54:42.433 [main] DEBUG functionTest.ApplyLeave - Test Method Failure.Test
07:54:43.323 [main] DEBUG functionTest.ApplyLeave - onFinish method started
07:57:58.367 [main] DEBUG functionTest.ApplyLeave - onStart method started
07:58:25.658 [main] DEBUG functionTest.ApplyLeave - User logged into the application.
07:58:25.658 [main] DEBUG functionTest.ApplyLeave - Navigate to Leave Page
07:58:27.937 [main] DEBUG functionTest.ApplyLeave - Test Started.Test
07:58:50.420 [main] DEBUG functionTest.ApplyLeave - Test Method Failure.Test
07:58:50.912 [main] DEBUG functionTest.ApplyLeave - onFinish method started
07:59:30.928 [main] DEBUG functionTest.ApplyLeave - onStart method started
07:59:45.946 [main] DEBUG functionTest.ApplyLeave - User logged into the application.
07:59:45.947 [main] DEBUG functionTest.ApplyLeave - Navigate to Leave Page
07:59:47.698 [main] DEBUG functionTest.ApplyLeave - Test Started.Test
08:00:09.423 [main] DEBUG functionTest.ApplyLeave - Test Method Failure.Test
08:00:09.884 [main] DEBUG functionTest.ApplyLeave - onFinish method started
08:00:53.132 [main] DEBUG functionTest.ApplyLeave - onStart method started
08:01:11.409 [main] DEBUG functionTest.ApplyLeave - User logged into the application.
08:01:11.409 [main] DEBUG functionTest.ApplyLeave - Navigate to Leave Page
08:01:13.102 [main] DEBUG functionTest.ApplyLeave - Test Started.Test
08:01:17.337 [main] DEBUG functionTest.ApplyLeave - Test Method Failure.Test
08:01:18.442 [main] DEBUG functionTest.ApplyLeave - onFinish method started
10:24:02.052 [main] DEBUG functionTest.ApplyLeave - onStart method started
10:24:39.913 [main] DEBUG functionTest.ApplyLeave - User logged into the application.
10:24:39.913 [main] DEBUG functionTest.ApplyLeave - Navigate to Leave Page
10:24:41.545 [main] DEBUG functionTest.ApplyLeave - Test Started.Test
10:24:45.298 [main] DEBUG functionTest.ApplyLeave - Test Method Failure.Test
10:24:45.730 [main] DEBUG functionTest.ApplyLeave - onFinish method started
10:31:18.447 [main] DEBUG functionTest.ApplyLeave - onStart method started
10:31:46.978 [main] DEBUG functionTest.ApplyLeave - User logged into the application.
10:31:46.978 [main] DEBUG functionTest.ApplyLeave - Navigate to Leave Page
10:31:49.082 [main] DEBUG functionTest.ApplyLeave - Test Started.Test
10:31:53.443 [main] DEBUG functionTest.ApplyLeave - Test Method Failure.Test
10:31:53.823 [main] DEBUG functionTest.ApplyLeave - onFinish method started
10:41:58.822 [main] DEBUG functionTest.ApplyLeave - onStart method started
10:42:54.146 [main] DEBUG functionTest.ApplyLeave - User logged into the application.
10:42:54.146 [main] DEBUG functionTest.ApplyLeave - Navigate to Leave Page
10:42:56.475 [main] DEBUG functionTest.ApplyLeave - Test Started.Test
10:43:01.942 [main] DEBUG functionTest.ApplyLeave - Test Method Failure.Test
10:43:03.638 [main] DEBUG functionTest.ApplyLeave - onFinish method started
18:36:03.593 [main] DEBUG functionTest.ApplyLeave - onStart method started
18:36:44.175 [main] DEBUG functionTest.ApplyLeave - User logged into the application.
18:36:44.175 [main] DEBUG functionTest.ApplyLeave - Navigate to Leave Page
18:36:46.531 [main] DEBUG functionTest.ApplyLeave - Test Started.Test
18:36:51.834 [main] DEBUG functionTest.ApplyLeave - Test Method Failure.Test
18:36:52.613 [main] DEBUG functionTest.ApplyLeave - onFinish method started
19:56:17.531 [main] DEBUG functionTest.ApplyLeave - onStart method started
19:56:54.216 [main] DEBUG functionTest.ApplyLeave - User logged into the application.
